0 info it worked if it ends with ok
1 verbose cli [ '/usr/local/bin/node', '/usr/local/bin/npm', 'start' ]
2 info using npm@5.6.0
3 info using node@v8.9.4
4 verbose config Skipping project config: /home/node/.npmrc. (matches userconfig)
5 verbose run-script [ 'prestart', 'start', 'poststart' ]
6 info lifecycle rallly@1.0.0~prestart: rallly@1.0.0
7 verbose lifecycle rallly@1.0.0~prestart: unsafe-perm in lifecycle true
8 verbose lifecycle rallly@1.0.0~prestart: PATH: /usr/local/lib/node_modules/npm/node_modules/npm-lifecycle/node-gyp-bin:/home/node/node_modules/.bin:/usr/local/sbin:/usr/local/bin:/usr/sbin:/usr/bin:/sbin:/bin
9 verbose lifecycle rallly@1.0.0~prestart: CWD: /home/node
10 silly lifecycle rallly@1.0.0~prestart: Args: [ '-c', 'npm run config' ]
11 silly lifecycle rallly@1.0.0~prestart: Returned: code: 1  signal: null
12 info lifecycle rallly@1.0.0~prestart: Failed to exec prestart script
13 verbose stack Error: rallly@1.0.0 prestart: `npm run config`
13 verbose stack Exit status 1
13 verbose stack     at EventEmitter.<anonymous> (/usr/local/lib/node_modules/npm/node_modules/npm-lifecycle/index.js:285:16)
13 verbose stack     at emitTwo (events.js:126:13)
13 verbose stack     at EventEmitter.emit (events.js:214:7)
13 verbose stack     at ChildProcess.<anonymous> (/usr/local/lib/node_modules/npm/node_modules/npm-lifecycle/lib/spawn.js:55:14)
13 verbose stack     at emitTwo (events.js:126:13)
13 verbose stack     at ChildProcess.emit (events.js:214:7)
13 verbose stack     at maybeClose (internal/child_process.js:925:16)
13 verbose stack     at Process.ChildProcess._handle.onexit (internal/child_process.js:209:5)
14 verbose pkgid rallly@1.0.0
15 verbose cwd /home/node
16 verbose Linux 4.9.93-linuxkit-aufs
17 verbose argv "/usr/local/bin/node" "/usr/local/bin/npm" "start"
18 verbose node v8.9.4
19 verbose npm  v5.6.0
20 error code ELIFECYCLE
21 error errno 1
22 error rallly@1.0.0 prestart: `npm run config`
22 error Exit status 1
23 error Failed at the rallly@1.0.0 prestart script.
23 error This is probably not a problem with npm. There is likely additional logging output above.
24 verbose exit [ 1, true ]
