0 info it worked if it ends with ok
1 verbose cli [ '/usr/local/bin/node', '/usr/local/bin/npm', 'run', 'config' ]
2 info using npm@5.6.0
3 info using node@v8.9.4
4 verbose config Skipping project config: /home/node/.npmrc. (matches userconfig)
5 verbose run-script [ 'preconfig', 'config', 'postconfig' ]
6 info lifecycle rallly@1.0.0~preconfig: rallly@1.0.0
7 info lifecycle rallly@1.0.0~config: rallly@1.0.0
8 verbose lifecycle rallly@1.0.0~config: unsafe-perm in lifecycle true
9 verbose lifecycle rallly@1.0.0~config: PATH: /usr/local/lib/node_modules/npm/node_modules/npm-lifecycle/node-gyp-bin:/home/node/node_modules/.bin:/usr/local/lib/node_modules/npm/node_modules/npm-lifecycle/node-gyp-bin:/home/node/node_modules/.bin:/usr/local/sbin:/usr/local/bin:/usr/sbin:/usr/bin:/sbin:/bin
10 verbose lifecycle rallly@1.0.0~config: CWD: /home/node
11 silly lifecycle rallly@1.0.0~config: Args: [ '-c', 'node install.js' ]
12 silly lifecycle rallly@1.0.0~config: Returned: code: 1  signal: null
13 info lifecycle rallly@1.0.0~config: Failed to exec config script
14 verbose stack Error: rallly@1.0.0 config: `node install.js`
14 verbose stack Exit status 1
14 verbose stack     at EventEmitter.<anonymous> (/usr/local/lib/node_modules/npm/node_modules/npm-lifecycle/index.js:285:16)
14 verbose stack     at emitTwo (events.js:126:13)
14 verbose stack     at EventEmitter.emit (events.js:214:7)
14 verbose stack     at ChildProcess.<anonymous> (/usr/local/lib/node_modules/npm/node_modules/npm-lifecycle/lib/spawn.js:55:14)
14 verbose stack     at emitTwo (events.js:126:13)
14 verbose stack     at ChildProcess.emit (events.js:214:7)
14 verbose stack     at maybeClose (internal/child_process.js:925:16)
14 verbose stack     at Process.ChildProcess._handle.onexit (internal/child_process.js:209:5)
15 verbose pkgid rallly@1.0.0
16 verbose cwd /home/node
17 verbose Linux 4.9.93-linuxkit-aufs
18 verbose argv "/usr/local/bin/node" "/usr/local/bin/npm" "run" "config"
19 verbose node v8.9.4
20 verbose npm  v5.6.0
21 error code ELIFECYCLE
22 error errno 1
23 error rallly@1.0.0 config: `node install.js`
23 error Exit status 1
24 error Failed at the rallly@1.0.0 config script.
24 error This is probably not a problem with npm. There is likely additional logging output above.
25 verbose exit [ 1, true ]
